#
# There is insufficient memory for the Java Runtime Environment to continue.
# Native memory allocation (malloc) failed to allocate 1721296 bytes for Chunk::new
# Possible reasons:
#   The system is out of physical RAM or swap space
#   The process is running with CompressedOops enabled, and the Java Heap may be blocking the growth of the native heap
# Possible solutions:
#   Reduce memory load on the system
#   Increase physical memory or swap space
#   Check if swap backing store is full
#   Decrease Java heap size (-Xmx/-Xms)
#   Decrease number of Java threads
#   Decrease Java thread stack sizes (-Xss)
#   Set larger code cache with -XX:ReservedCodeCacheSize=
#   JVM is running with Unscaled Compressed Oops mode in which the Java heap is
#     placed in the first 4GB address space. The Java Heap base address is the
#     maximum limit for the native heap growth. Please use -XX:HeapBaseMinAddress
#     to set the Java Heap base and to place the Java Heap above 4GB virtual address.
# This output file may be truncated or incomplete.
#
#  Out of Memory Error (c:/BuildAgent/work/5ff2f6c26000d570/src/hotspot/share/memory/arena.cpp:197), pid=7908, tid=14368
#
# JRE version: OpenJDK Runtime Environment (11.0.3+12) (build 11.0.3+12-b304.39)
# Java VM: OpenJDK 64-Bit Server VM (11.0.3+12-b304.39, mixed mode, sharing, tiered, compressed oops, g1 gc, windows-amd64)
# No core dump will be written. Minidumps are not enabled by default on client versions of Windows
#

---------------  S U M M A R Y ------------

Command Line: -javaagent:C:\Program Files\JetBrains\IntelliJ IDEA 2019.2.1\lib\idea_rt.jar=62687:C:\Program Files\JetBrains\IntelliJ IDEA 2019.2.1\bin -Dfile.encoding=UTF-8 util.GraphBaseUtils

Host: Intel(R) Core(TM) i5-3337U CPU @ 1.80GHz, 4 cores, 3G,  Windows 10 , 64 bit Build 18362 (10.0.18362.329)
Time: Thu Feb 13 14:07:14 2020 ?D1¨²¡À¨º¡Á?¨º¡À?? elapsed time: 12 seconds (0d 0h 0m 12s)

---------------  T H R E A D  ---------------

Current thread (0x000002b6feba3800):  JavaThread "C2 CompilerThread0" daemon [_thread_in_native, id=14368, stack(0x000000ca76e00000,0x000000ca76f00000)]


Current CompileTask:
C2:  12847 1852   !   4       java.util.jar.Attributes::read (388 bytes)

Stack: [0x000000ca76e00000,0x000000ca76f00000]
Native frames: (J=compiled Java code, j=interpreted, Vv=VM code, C=native code)
V  [jvm.dll+0x5da77a]
V  [jvm.dll+0x70b9c9]
V  [jvm.dll+0x70cee8]
V  [jvm.dll+0x70d5b3]
V  [jvm.dll+0x23ddc8]
V  [jvm.dll+0xb931c]
V  [jvm.dll+0xb981c]
V  [jvm.dll+0x34f03b]
V  [jvm.dll+0x31d193]
V  [jvm.dll+0x31c72a]
V  [jvm.dll+0x1f7952]
V  [jvm.dll+0x1f6b24]
V  [jvm.dll+0x17fadb]
V  [jvm.dll+0x204e17]
V  [jvm.dll+0x2036b2]
V  [jvm.dll+0x6d885f]
V  [jvm.dll+0x6d165d]
V  [jvm.dll+0x5d9a56]
C  [ucrtbase.dll+0x20e72]
C  [KERNEL32.DLL+0x17bd4]
C  [ntdll.dll+0x6ced1]


---------------  P R O C E S S  ---------------

Threads class SMR info:
_java_thread_list=0x000002b682a047a0, length=13, elements={
0x000002b6e8cd0800, 0x000002b6feb7e800, 0x000002b6feb80800, 0x000002b6feba1800,
0x000002b6feba2800, 0x000002b6feba3800, 0x000002b6feba7000, 0x000002b6fec1e000,
0x000002b6feb65000, 0x000002b6ff84b800, 0x000002b682274800, 0x000002b682716000,
0x000002b682af3800
}

Java Threads: ( => current thread )
  0x000002b6e8cd0800 JavaThread "main" [_thread_blocked, id=32720, stack(0x000000ca76300000,0x000000ca76400000)]
  0x000002b6feb7e800 JavaThread "Reference Handler" daemon [_thread_blocked, id=26424, stack(0x000000ca76a00000,0x000000ca76b00000)]
  0x000002b6feb80800 JavaThread "Finalizer" daemon [_thread_blocked, id=31516, stack(0x000000ca76b00000,0x000000ca76c00000)]
  0x000002b6feba1800 JavaThread "Signal Dispatcher" daemon [_thread_blocked, id=10420, stack(0x000000ca76c00000,0x000000ca76d00000)]
  0x000002b6feba2800 JavaThread "Attach Listener" daemon [_thread_blocked, id=21712, stack(0x000000ca76d00000,0x000000ca76e00000)]
=>0x000002b6feba3800 JavaThread "C2 CompilerThread0" daemon [_thread_in_native, id=14368, stack(0x000000ca76e00000,0x000000ca76f00000)]
  0x000002b6feba7000 JavaThread "C1 CompilerThread0" daemon [_thread_blocked, id=15148, stack(0x000000ca76f00000,0x000000ca77000000)]
  0x000002b6fec1e000 JavaThread "Sweeper thread" daemon [_thread_blocked, id=30624, stack(0x000000ca77000000,0x000000ca77100000)]
  0x000002b6feb65000 JavaThread "Common-Cleaner" daemon [_thread_blocked, id=32536, stack(0x000000ca77100000,0x000000ca77200000)]
  0x000002b6ff84b800 JavaThread "Monitor Ctrl-Break" daemon [_thread_in_native, id=32608, stack(0x000000ca77300000,0x000000ca77400000)]
  0x000002b682274800 JavaThread "Service Thread" daemon [_thread_blocked, id=22896, stack(0x000000ca77400000,0x000000ca77500000)]
  0x000002b682716000 JavaThread "Neo4jDriverIO-2-1" [_thread_in_native, id=13432, stack(0x000000ca77600000,0x000000ca77700000)]
  0x000002b682af3800 JavaThread "Neo4jDriverIO-2-2" [_thread_in_Java, id=1344, stack(0x000000ca77900000,0x000000ca77a00000)]

Other Threads:
  0x000002b6feb7b000 VMThread "VM Thread" [stack: 0x000000ca76900000,0x000000ca76a00000] [id=19700]
  0x000002b6ff62d000 WatcherThread [stack: 0x000000ca77500000,0x000000ca77600000] [id=30812]
  0x000002b6e8ce9000 GCTaskThread "GC Thread#0" [stack: 0x000000ca76400000,0x000000ca76500000] [id=22320]
  0x000002b6ff76f800 GCTaskThread "GC Thread#1" [stack: 0x000000ca77200000,0x000000ca77300000] [id=32644]
  0x000002b6febdc000 GCTaskThread "GC Thread#2" [stack: 0x000000ca77700000,0x000000ca77800000] [id=22784]
  0x000002b682f8d800 GCTaskThread "GC Thread#3" [stack: 0x000000ca77800000,0x000000ca77900000] [id=5060]
  0x000002b6e8d02000 ConcurrentGCThread "G1 Main Marker" [stack: 0x000000ca76500000,0x000000ca76600000] [id=23056]
  0x000002b6e8d03800 ConcurrentGCThread "G1 Conc#0" [stack: 0x000000ca76600000,0x000000ca76700000] [id=30428]
  0x000002b6e8d4e000 ConcurrentGCThread "G1 Refine#0" [stack: 0x000000ca76700000,0x000000ca76800000] [id=28520]
  0x000002b682e64000 ConcurrentGCThread "G1 Refine#1" [stack: 0x0000000000000000,0x0000000000000000] [id=16104]
  0x000002b6e8d4f000 ConcurrentGCThread "G1 Young RemSet Sampling" [stack: 0x000000ca76800000,0x000000ca76900000] [id=31972]

Threads with active compile tasks:
C2 CompilerThread01852   !   4       java.util.jar.Attributes::read (388 bytes)

VM state:not at safepoint (normal execution)

VM Mutex/Monitor currently owned by a thread: None

Heap address: 0x00000000c3200000, size: 974 MB, Compressed Oops mode: 32-bit
Narrow klass base: 0x0000000800000000, Narrow klass shift: 3
Compressed class space size: 1073741824 Address: 0x0000000840000000

Heap:
 garbage-first heap   total 63488K, used 25102K [0x00000000c3200000, 0x0000000100000000)
  region size 1024K, 7 young (7168K), 3 survivors (3072K)
 Metaspace       used 17797K, capacity 18215K, committed 18304K, reserved 1064960K
  class space    used 2241K, capacity 2398K, committed 2432K, reserved 1048576K
Heap Regions: E=young(eden), S=young(survivor), O=old, HS=humongous(starts), HC=humongous(continues), CS=collection set, F=free, A=archive, TAMS=top-at-mark-start (previous, next)
|   0|0x00000000c3200000, 0x00000000c3300000, 0x00000000c3300000|100%| O|  |TAMS 0x00000000c3200000, 0x00000000c3200000| Untracked 
|   1|0x00000000c3300000, 0x00000000c3400000, 0x00000000c3400000|100%|HS|  |TAMS 0x00000000c3300000, 0x00000000c3300000| Complete 
|   2|0x00000000c3400000, 0x00000000c3500000, 0x00000000c3500000|100%|HS|  |TAMS 0x00000000c3400000, 0x00000000c3400000| Complete 
|   3|0x00000000c3500000, 0x00000000c3600000, 0x00000000c3600000|100%| O|  |TAMS 0x00000000c3500000, 0x00000000c3500000| Untracked 
|   4|0x00000000c3600000, 0x00000000c3700000, 0x00000000c3700000|100%| O|  |TAMS 0x00000000c3600000, 0x00000000c3600000| Untracked 
|   5|0x00000000c3700000, 0x00000000c3800000, 0x00000000c3800000|100%| O|  |TAMS 0x00000000c3700000, 0x00000000c3700000| Untracked 
|   6|0x00000000c3800000, 0x00000000c3900000, 0x00000000c3900000|100%| O|  |TAMS 0x00000000c3800000, 0x00000000c3800000| Untracked 
|   7|0x00000000c3900000, 0x00000000c3a00000, 0x00000000c3a00000|100%| O|  |TAMS 0x00000000c3900000, 0x00000000c3900000| Untracked 
|   8|0x00000000c3a00000, 0x00000000c3b00000, 0x00000000c3b00000|100%| O|  |TAMS 0x00000000c3a00000, 0x00000000c3a00000| Untracked 
|   9|0x00000000c3b00000, 0x00000000c3c00000, 0x00000000c3c00000|100%| O|  |TAMS 0x00000000c3b00000, 0x00000000c3b00000| Untracked 
|  10|0x00000000c3c00000, 0x00000000c3d00000, 0x00000000c3d00000|100%| O|  |TAMS 0x00000000c3c00000, 0x00000000c3c00000| Untracked 
|  11|0x00000000c3d00000, 0x00000000c3e00000, 0x00000000c3e00000|100%| O|  |TAMS 0x00000000c3d00000, 0x00000000c3d00000| Untracked 
|  12|0x00000000c3e00000, 0x00000000c3f00000, 0x00000000c3f00000|100%| O|  |TAMS 0x00000000c3e00000, 0x00000000c3e00000| Untracked 
|  13|0x00000000c3f00000, 0x00000000c4000000, 0x00000000c4000000|100%| O|  |TAMS 0x00000000c3f00000, 0x00000000c3f00000| Untracked 
|  14|0x00000000c4000000, 0x00000000c4100000, 0x00000000c4100000|100%| O|  |TAMS 0x00000000c4000000, 0x00000000c4000000| Untracked 
|  15|0x00000000c4100000, 0x00000000c4200000, 0x00000000c4200000|100%| O|  |TAMS 0x00000000c4100000, 0x00000000c4100000| Untracked 
|  16|0x00000000c4200000, 0x00000000c4300000, 0x00000000c4300000|100%| O|  |TAMS 0x00000000c4200000, 0x00000000c4200000| Untracked 
|  17|0x00000000c4300000, 0x00000000c4400000, 0x00000000c4400000|100%| O|  |TAMS 0x00000000c4300000, 0x00000000c4300000| Untracked 
|  18|0x00000000c4400000, 0x00000000c4500000, 0x00000000c4500000|100%| O|  |TAMS 0x00000000c4400000, 0x00000000c4400000| Untracked 
|  19|0x00000000c4500000, 0x00000000c4583a00, 0x00000000c4600000| 51%| O|  |TAMS 0x00000000c4500000, 0x00000000c4500000| Untracked 
|  20|0x00000000c4600000, 0x00000000c4600000, 0x00000000c4700000|  0%| F|  |TAMS 0x00000000c4600000, 0x00000000c4600000| Untracked 
|  21|0x00000000c4700000, 0x00000000c4700000, 0x00000000c4800000|  0%| F|  |TAMS 0x00000000c4700000, 0x00000000c4700000| Untracked 
|  22|0x00000000c4800000, 0x00000000c4800000, 0x00000000c4900000|  0%| F|  |TAMS 0x00000000c4800000, 0x00000000c4800000| Untracked 
|  23|0x00000000c4900000, 0x00000000c4900000, 0x00000000c4a00000|  0%| F|  |TAMS 0x00000000c4900000, 0x00000000c4900000| Untracked 
|  24|0x00000000c4a00000, 0x00000000c4a00000, 0x00000000c4b00000|  0%| F|  |TAMS 0x00000000c4a00000, 0x00000000c4a00000| Untracked 
|  25|0x00000000c4b00000, 0x00000000c4b00000, 0x00000000c4c00000|  0%| F|  |TAMS 0x00000000c4b00000, 0x00000000c4b00000| Untracked 
|  26|0x00000000c4c00000, 0x00000000c4c00000, 0x00000000c4d00000|  0%| F|  |TAMS 0x00000000c4c00000, 0x00000000c4c00000| Untracked 
|  27|0x00000000c4d00000, 0x00000000c4d00000, 0x00000000c4e00000|  0%| F|  |TAMS 0x00000000c4d00000, 0x00000000c4d00000| Untracked 
|  28|0x00000000c4e00000, 0x00000000c4e00000, 0x00000000c4f00000|  0%| F|  |TAMS 0x00000000c4e00000, 0x00000000c4e00000| Untracked 
|  29|0x00000000c4f00000, 0x00000000c4f00000, 0x00000000c5000000|  0%| F|  |TAMS 0x00000000c4f00000, 0x00000000c4f00000| Untracked 
|  30|0x00000000c5000000, 0x00000000c5000000, 0x00000000c5100000|  0%| F|  |TAMS 0x00000000c5000000, 0x00000000c5000000| Untracked 
|  31|0x00000000c5100000, 0x00000000c5100000, 0x00000000c5200000|  0%| F|  |TAMS 0x00000000c5100000, 0x00000000c5100000| Untracked 
|  32|0x00000000c5200000, 0x00000000c5200000, 0x00000000c5300000|  0%| F|  |TAMS 0x00000000c5200000, 0x00000000c5200000| Untracked 
|  33|0x00000000c5300000, 0x00000000c5300000, 0x00000000c5400000|  0%| F|  |TAMS 0x00000000c5300000, 0x00000000c5300000| Untracked 
|  34|0x00000000c5400000, 0x00000000c5400000, 0x00000000c5500000|  0%| F|  |TAMS 0x00000000c5400000, 0x00000000c5400000| Untracked 
|  35|0x00000000c5500000, 0x00000000c5600000, 0x00000000c5600000|100%| S|CS|TAMS 0x00000000c5500000, 0x00000000c5500000| Complete 
|  36|0x00000000c5600000, 0x00000000c5700000, 0x00000000c5700000|100%| S|CS|TAMS 0x00000000c5600000, 0x00000000c5600000| Complete 
|  37|0x00000000c5700000, 0x00000000c5700000, 0x00000000c5800000|  0%| F|  |TAMS 0x00000000c5700000, 0x00000000c5700000| Untracked 
|  38|0x00000000c5800000, 0x00000000c5800000, 0x00000000c5900000|  0%| F|  |TAMS 0x00000000c5800000, 0x00000000c5800000| Untracked 
|  39|0x00000000c5900000, 0x00000000c5900000, 0x00000000c5a00000|  0%| F|  |TAMS 0x00000000c5900000, 0x00000000c5900000| Untracked 
|  40|0x00000000c5a00000, 0x00000000c5b00000, 0x00000000c5b00000|100%| S|CS|TAMS 0x00000000c5a00000, 0x00000000c5a00000| Complete 
|  41|0x00000000c5b00000, 0x00000000c5b00000, 0x00000000c5c00000|  0%| F|  |TAMS 0x00000000c5b00000, 0x00000000c5b00000| Untracked 
|  42|0x00000000c5c00000, 0x00000000c5c00000, 0x00000000c5d00000|  0%| F|  |TAMS 0x00000000c5c00000, 0x00000000c5c00000| Untracked 
|  43|0x00000000c5d00000, 0x00000000c5d00000, 0x00000000c5e00000|  0%| F|  |TAMS 0x00000000c5d00000, 0x00000000c5d00000| Untracked 
|  44|0x00000000c5e00000, 0x00000000c5e00000, 0x00000000c5f00000|  0%| F|  |TAMS 0x00000000c5e00000, 0x00000000c5e00000| Untracked 
|  45|0x00000000c5f00000, 0x00000000c5f00000, 0x00000000c6000000|  0%| F|  |TAMS 0x00000000c5f00000, 0x00000000c5f00000| Untracked 
|  46|0x00000000c6000000, 0x00000000c6000000, 0x00000000c6100000|  0%| F|  |TAMS 0x00000000c6000000, 0x00000000c6000000| Untracked 
|  47|0x00000000c6100000, 0x00000000c6100000, 0x00000000c6200000|  0%| F|  |TAMS 0x00000000c6100000, 0x00000000c6100000| Untracked 
|  48|0x00000000c6200000, 0x00000000c6200000, 0x00000000c6300000|  0%| F|  |TAMS 0x00000000c6200000, 0x00000000c6200000| Untracked 
|  49|0x00000000c6300000, 0x00000000c6300000, 0x00000000c6400000|  0%| F|  |TAMS 0x00000000c6300000, 0x00000000c6300000| Untracked 
|  50|0x00000000c6400000, 0x00000000c6400000, 0x00000000c6500000|  0%| F|  |TAMS 0x00000000c6400000, 0x00000000c6400000| Untracked 
|  51|0x00000000c6500000, 0x00000000c6500000, 0x00000000c6600000|  0%| F|  |TAMS 0x00000000c6500000, 0x00000000c6500000| Untracked 
|  52|0x00000000c6600000, 0x00000000c6600000, 0x00000000c6700000|  0%| F|  |TAMS 0x00000000c6600000, 0x00000000c6600000| Untracked 
|  53|0x00000000c6700000, 0x00000000c6700000, 0x00000000c6800000|  0%| F|  |TAMS 0x00000000c6700000, 0x00000000c6700000| Untracked 
|  54|0x00000000c6800000, 0x00000000c6800000, 0x00000000c6900000|  0%| F|  |TAMS 0x00000000c6800000, 0x00000000c6800000| Untracked 
|  55|0x00000000c6900000, 0x00000000c6900000, 0x00000000c6a00000|  0%| F|  |TAMS 0x00000000c6900000, 0x00000000c6900000| Untracked 
|  56|0x00000000c6a00000, 0x00000000c6a00000, 0x00000000c6b00000|  0%| F|  |TAMS 0x00000000c6a00000, 0x00000000c6a00000| Untracked 
|  57|0x00000000c6b00000, 0x00000000c6b00000, 0x00000000c6c00000|  0%| F|  |TAMS 0x00000000c6b00000, 0x00000000c6b00000| Untracked 
|  58|0x00000000c6c00000, 0x00000000c6c3b910, 0x00000000c6d00000| 23%| E|  |TAMS 0x00000000c6c00000, 0x00000000c6c00000| Complete 
|  59|0x00000000c6d00000, 0x00000000c6e00000, 0x00000000c6e00000|100%| E|CS|TAMS 0x00000000c6d00000, 0x00000000c6d00000| Complete 
|  60|0x00000000c6e00000, 0x00000000c6f00000, 0x00000000c6f00000|100%| E|CS|TAMS 0x00000000c6e00000, 0x00000000c6e00000| Complete 
|  61|0x00000000c6f00000, 0x00000000c7000000, 0x00000000c7000000|100%| E|  |TAMS 0x00000000c6f00000, 0x00000000c6f00000| Complete 

Card table byte_map: [0x000002b6fc390000,0x000002b6fc580000] _byte_map_base: 0x000002b6fbd77000

Marking Bits (Prev, Next): (CMBitMap*) 0x000002b6e8cfd808, (CMBitMap*) 0x000002b6e8cfd840
 Prev Bits: [0x000002b6fc770000, 0x000002b6fd6a8000)
 Next Bits: [0x000002b6fd6b0000, 0x000002b6fe5e8000)

Polling page: 0x000002b6e7330000

Metaspace:

Usage:
  Non-class:     15.45 MB capacity,    15.19 MB ( 98%) used,   219.16 KB (  1%) free+waste,    40.94 KB ( <1%) overhead. 
      Class:      2.34 MB capacity,     2.19 MB ( 93%) used,   136.36 KB (  6%) free+waste,    20.56 KB ( <1%) overhead. 
       Both:     17.79 MB capacity,    17.38 MB ( 98%) used,   355.52 KB (  2%) free+waste,    61.50 KB ( <1%) overhead. 

Virtual space:
  Non-class space:       16.00 MB reserved,      15.50 MB ( 97%) committed 
      Class space:        1.00 GB reserved,       2.38 MB ( <1%) committed 
             Both:        1.02 GB reserved,      17.88 MB (  2%) committed 

Chunk freelists:
   Non-Class:  55.00 KB
       Class:  2.00 KB
        Both:  57.00 KB

CodeHeap 'non-profiled nmethods': size=120064Kb used=756Kb max_used=756Kb free=119307Kb
 bounds [0x000002b6f4630000, 0x000002b6f48a0000, 0x000002b6fbb70000]
CodeHeap 'profiled nmethods': size=120000Kb used=3933Kb max_used=3933Kb free=116066Kb
 bounds [0x000002b6ed100000, 0x000002b6ed4e0000, 0x000002b6f4630000]
CodeHeap 'non-nmethods': size=5696Kb used=1200Kb max_used=1213Kb free=4495Kb
 bounds [0x000002b6ecb70000, 0x000002b6ecde0000, 0x000002b6ed100000]
 total_blobs=2928 nmethods=1938 adapters=454
 compilation: enabled
              stopped_count=0, restarted_count=0
 full_count=0

Compilation events (10 events):
Event: 12.820 Thread 0x000002b6feba7000 1934 %     3       sun.security.provider.SHA2::implCompress0 @ 3 (322 bytes)
Event: 12.822 Thread 0x000002b6feba7000 nmethod 1934% 0x000002b6ed4c8790 code [0x000002b6ed4c8a40, 0x000002b6ed4c99b8]
Event: 12.822 Thread 0x000002b6feba7000 1935       2       sun.security.provider.SHA2::implCompress (13 bytes)
Event: 12.822 Thread 0x000002b6feba7000 nmethod 1935 0x000002b6ed4ca210 code [0x000002b6ed4ca3e0, 0x000002b6ed4ca690]
Event: 12.822 Thread 0x000002b6feba7000 1937 %     3       sun.security.provider.SHA2::implCompress0 @ 133 (322 bytes)
Event: 12.824 Thread 0x000002b6feba7000 nmethod 1937% 0x000002b6ed4ca790 code [0x000002b6ed4caa40, 0x000002b6ed4cba98]
Event: 12.824 Thread 0x000002b6feba7000 1936       2       sun.security.provider.SHA2::implCompressCheck (15 bytes)
Event: 12.824 Thread 0x000002b6feba7000 nmethod 1936 0x000002b6ed4cc310 code [0x000002b6ed4cc4e0, 0x000002b6ed4cc760]
Event: 12.824 Thread 0x000002b6feba7000 1938       3       sun.security.provider.SHA2::implCompress0 (322 bytes)
Event: 12.826 Thread 0x000002b6feba7000 nmethod 1938 0x000002b6ed4cc890 code [0x000002b6ed4ccb20, 0x000002b6ed4cd978]

GC Heap History (10 events):
Event: 1.599 GC heap before
{Heap before GC invocations=0 (full 0):
 garbage-first heap   total 63488K, used 16384K [0x00000000c3200000, 0x0000000100000000)
  region size 1024K, 14 young (14336K), 0 survivors (0K)
 Metaspace       used 689K, capacity 4515K, committed 4864K, reserved 1056768K
  class space    used 47K, capacity 398K, committed 512K, reserved 1048576K
}
Event: 1.609 GC heap after
{Heap after GC invocations=1 (full 0):
 garbage-first heap   total 63488K, used 12917K [0x00000000c3200000, 0x0000000100000000)
  region size 1024K, 2 young (2048K), 2 survivors (2048K)
 Metaspace       used 689K, capacity 4515K, committed 4864K, reserved 1056768K
  class space    used 47K, capacity 398K, committed 512K, reserved 1048576K
}
Event: 2.177 GC heap before
{Heap before GC invocations=1 (full 0):
 garbage-first heap   total 63488K, used 21109K [0x00000000c3200000, 0x0000000100000000)
  region size 1024K, 11 young (11264K), 2 survivors (2048K)
 Metaspace       used 2099K, capacity 5095K, committed 5376K, reserved 1056768K
  class space    used 192K, capacity 484K, committed 512K, reserved 1048576K
}
Event: 2.184 GC heap after
{Heap after GC invocations=2 (full 0):
 garbage-first heap   total 63488K, used 14273K [0x00000000c3200000, 0x0000000100000000)
  region size 1024K, 2 young (2048K), 2 survivors (2048K)
 Metaspace       used 2099K, capacity 5095K, committed 5376K, reserved 1056768K
  class space    used 192K, capacity 484K, committed 512K, reserved 1048576K
}
Event: 2.798 GC heap before
{Heap before GC invocations=2 (full 0):
 garbage-first heap   total 63488K, used 28609K [0x00000000c3200000, 0x0000000100000000)
  region size 1024K, 16 young (16384K), 2 survivors (2048K)
 Metaspace       used 3987K, capacity 6501K, committed 6656K, reserved 1056768K
  class space    used 443K, capacity 698K, committed 768K, reserved 1048576K
}
Event: 2.802 GC heap after
{Heap after GC invocations=3 (full 0):
 garbage-first heap   total 63488K, used 14618K [0x00000000c3200000, 0x0000000100000000)
  region size 1024K, 1 young (1024K), 1 survivors (1024K)
 Metaspace       used 3987K, capacity 6501K, committed 6656K, reserved 1056768K
  class space    used 443K, capacity 698K, committed 768K, reserved 1048576K
}
Event: 3.599 GC heap before
{Heap before GC invocations=3 (full 0):
 garbage-first heap   total 63488K, used 31002K [0x00000000c3200000, 0x0000000100000000)
  region size 1024K, 18 young (18432K), 1 survivors (1024K)
 Metaspace       used 6863K, capacity 8489K, committed 8704K, reserved 1056768K
  class space    used 834K, capacity 1002K, committed 1024K, reserved 1048576K
}
Event: 3.605 GC heap after
{Heap after GC invocations=4 (full 0):
 garbage-first heap   total 63488K, used 15717K [0x00000000c3200000, 0x0000000100000000)
  region size 1024K, 2 young (2048K), 2 survivors (2048K)
 Metaspace       used 6863K, capacity 8489K, committed 8704K, reserved 1056768K
  class space    used 834K, capacity 1002K, committed 1024K, reserved 1048576K
}
Event: 12.178 GC heap before
{Heap before GC invocations=4 (full 0):
 garbage-first heap   total 63488K, used 36197K [0x00000000c3200000, 0x0000000100000000)
  region size 1024K, 22 young (22528K), 2 survivors (2048K)
 Metaspace       used 13585K, capacity 14037K, committed 14336K, reserved 1060864K
  class space    used 1749K, capacity 1943K, committed 2048K, reserved 1048576K
}
Event: 12.185 GC heap after
{Heap after GC invocations=5 (full 0):
 garbage-first heap   total 63488K, used 17880K [0x00000000c3200000, 0x0000000100000000)
  region size 1024K, 3 young (3072K), 3 survivors (3072K)
 Metaspace       used 13585K, capacity 14037K, committed 14336K, reserved 1060864K
  class space    used 1749K, capacity 1943K, committed 2048K, reserved 1048576K
}

Deoptimization events (10 events):
Event: 8.167 Thread 0x000002b6e8cd0800 Uncommon trap: reason=unstable_if action=reinterpret pc=0x000002b6f4693108 method=java.lang.AbstractStringBuilder.isLatin1()Z @ 10 c2
Event: 8.168 Thread 0x000002b6e8cd0800 Uncommon trap: reason=unstable_if action=reinterpret pc=0x000002b6f467319c method=java.lang.AbstractStringBuilder.putStringAt(ILjava/lang/String;)V @ 8 c2
Event: 8.168 Thread 0x000002b6e8cd0800 Uncommon trap: reason=unstable_if action=reinterpret pc=0x000002b6f467e2d0 method=java.lang.AbstractStringBuilder.isLatin1()Z @ 10 c2
Event: 8.168 Thread 0x000002b6e8cd0800 Uncommon trap: reason=unstable_if action=reinterpret pc=0x000002b6f466edf4 method=java.lang.String.getBytes([BIB)V @ 5 c2
Event: 8.250 Thread 0x000002b682716000 Uncommon trap: reason=unstable_if action=reinterpret pc=0x000002b6f46befd4 method=java.lang.CharacterDataLatin1.digit(II)I @ 12 c2
Event: 12.511 Thread 0x000002b682af3800 Uncommon trap: reason=unstable_if action=reinterpret pc=0x000002b6f46c6cc0 method=java.util.HashMap.putVal(ILjava/lang/Object;Ljava/lang/Object;ZZ)Ljava/lang/Object; @ 162 c2
Event: 12.568 Thread 0x000002b682af3800 Uncommon trap: reason=unstable_if action=reinterpret pc=0x000002b6f46c80d8 method=java.util.HashMap.putVal(ILjava/lang/Object;Ljava/lang/Object;ZZ)Ljava/lang/Object; @ 162 c2
Event: 12.591 Thread 0x000002b682af3800 Uncommon trap: reason=unstable_if action=reinterpret pc=0x000002b6f46630c4 method=java.util.jar.Manifest$FastInputStream.readLine([BII)I @ 130 c2
Event: 12.748 Thread 0x000002b682af3800 Uncommon trap: reason=unstable_if action=reinterpret pc=0x000002b6f46a3a30 method=java.lang.CharacterDataLatin1.isWhitespace(I)Z @ 14 c2
Event: 12.763 Thread 0x000002b682af3800 Uncommon trap: reason=unstable_if action=reinterpret pc=0x000002b6f4656494 method=java.lang.StringUTF16.compress([CI[BII)I @ 20 c2

Classes redefined (0 events):
No events

Internal exceptions (10 events):
Event: 4.435 Thread 0x000002b6e8cd0800 Exception <a 'java/lang/NoSuchMethodError'{0x00000000c65485a8}: java.lang.invoke.DirectMethodHandle$Holder.invokeStaticInit(Ljava/lang/Object;Ljava/lang/Object;)I> (0x00000000c65485a8) thrown at [c:/BuildAgent/work/5ff2f6c26000d570/src/hotspot/share/inter
Event: 4.456 Thread 0x000002b6e8cd0800 Exception <a 'java/lang/NoSuchMethodError'{0x00000000c6577840}: java.lang.invoke.DirectMethodHandle$Holder.invokeStatic(Ljava/lang/Object;IIII)Ljava/lang/Object;> (0x00000000c6577840) thrown at [c:/BuildAgent/work/5ff2f6c26000d570/src/hotspot/share/interp
Event: 4.456 Thread 0x000002b6e8cd0800 Exception <a 'java/lang/NoSuchMethodError'{0x00000000c657a958}: java.lang.invoke.DirectMethodHandle$Holder.invokeStaticInit(Ljava/lang/Object;IIII)Ljava/lang/Object;> (0x00000000c657a958) thrown at [c:/BuildAgent/work/5ff2f6c26000d570/src/hotspot/share/in
Event: 4.462 Thread 0x000002b6e8cd0800 Exception <a 'sun/nio/fs/WindowsException'{0x00000000c6580cc8}> (0x00000000c6580cc8) thrown at [c:/BuildAgent/work/5ff2f6c26000d570/src/hotspot/share/prims/jni.cpp, line 615]
Event: 4.464 Thread 0x000002b6e8cd0800 Exception <a 'java/lang/NoSuchMethodError'{0x00000000c6582750}: java.lang.invoke.DirectMethodHandle$Holder.invokeSpecialIFC(Ljava/lang/Object;Ljava/lang/Object;I)I> (0x00000000c6582750) thrown at [c:/BuildAgent/work/5ff2f6c26000d570/src/hotspot/share/inte
Event: 7.863 Thread 0x000002b6e8cd0800 Exception <a 'java/lang/NoSuchMethodError'{0x00000000c63bce70}: java.lang.invoke.DirectMethodHandle$Holder.invokeStatic(Ljava/lang/Object;Ljava/lang/Object;IIII)Ljava/lang/Object;> (0x00000000c63bce70) thrown at [c:/BuildAgent/work/5ff2f6c26000d570/src/ho
Event: 7.864 Thread 0x000002b6e8cd0800 Exception <a 'java/lang/NoSuchMethodError'{0x00000000c63c01b8}: java.lang.invoke.DirectMethodHandle$Holder.invokeStaticInit(Ljava/lang/Object;Ljava/lang/Object;IIII)Ljava/lang/Object;> (0x00000000c63c01b8) thrown at [c:/BuildAgent/work/5ff2f6c26000d570/sr
Event: 8.153 Thread 0x000002b6e8cd0800 Exception <a 'java/lang/ClassNotFoundException'{0x00000000c5e4cb58}: sun/util/logging/resources/spi/loggingProvider> (0x00000000c5e4cb58) thrown at [c:/BuildAgent/work/5ff2f6c26000d570/src/hotspot/share/classfile/systemDictionary.cpp, line 231]
Event: 12.271 Thread 0x000002b682716000 Exception <a 'java/lang/NoSuchMethodError'{0x00000000c6d0d588}: java.lang.invoke.DirectMethodHandle$Holder.invokeSpecial(Ljava/lang/Object;Ljava/lang/Object;Ljava/lang/Object;Ljava/lang/Object;)V> (0x00000000c6d0d588) thrown at [c:/BuildAgent/work/5ff2f6c
Event: 12.279 Thread 0x000002b682716000 Exception <a 'java/lang/NoSuchMethodError'{0x00000000c6d274c0}: java.lang.invoke.DirectMethodHandle$Holder.invokeSpecial(Ljava/lang/Object;Ljava/lang/Object;Ljava/lang/Object;Ljava/lang/Object;Ljava/lang/Object;)V> (0x00000000c6d274c0) thrown at [c:/Build

Events (10 events):
Event: 12.824 Thread 0x000002b682af3800 DEOPT PACKING pc=0x000002b6ed4c80fd sp=0x000000ca779faa50
Event: 12.824 Thread 0x000002b682af3800 DEOPT UNPACKING pc=0x000002b6ecb98fce sp=0x000000ca779f9f08 mode 0
Event: 12.824 Thread 0x000002b682af3800 DEOPT PACKING pc=0x000002b6ed4c80fd sp=0x000000ca779faa50
Event: 12.824 Thread 0x000002b682af3800 DEOPT UNPACKING pc=0x000002b6ecb98fce sp=0x000000ca779f9f08 mode 0
Event: 12.825 Thread 0x000002b682af3800 DEOPT PACKING pc=0x000002b6ed4c80fd sp=0x000000ca779faa50
Event: 12.825 Thread 0x000002b682af3800 DEOPT UNPACKING pc=0x000002b6ecb98fce sp=0x000000ca779f9f08 mode 0
Event: 12.825 Thread 0x000002b682af3800 DEOPT PACKING pc=0x000002b6ed4c80fd sp=0x000000ca779faa50
Event: 12.825 Thread 0x000002b682af3800 DEOPT UNPACKING pc=0x000002b6ecb98fce sp=0x000000ca779f9f08 mode 0
Event: 12.825 Thread 0x000002b682af3800 DEOPT PACKING pc=0x000002b6ed4c80fd sp=0x000000ca779faa50
Event: 12.825 Thread 0x000002b682af3800 DEOPT UNPACKING pc=0x000002b6ecb98fce sp=0x000000ca779f9f08 mode 0


Dynamic libraries:
0x00007ff726d00000 - 0x00007ff726d47000 	C:\Program Files\JetBrains\IntelliJ IDEA 2019.2.1\jbr\bin\java.exe
0x00007ffa23e60000 - 0x00007ffa24050000 	C:\Windows\SYSTEM32\ntdll.dll
0x00007ffa22090000 - 0x00007ffa22142000 	C:\Windows\System32\KERNEL32.DLL
0x00007ffa218f0000 - 0x00007ffa21b93000 	C:\Windows\System32\KERNELBASE.dll
0x00007ffa229c0000 - 0x00007ffa22b54000 	C:\Windows\System32\USER32.dll
0x00007ffa20e20000 - 0x00007ffa20e41000 	C:\Windows\System32\win32u.dll
0x00007ffa22b60000 - 0x00007ffa22b86000 	C:\Windows\System32\GDI32.dll
0x00007ffa216d0000 - 0x00007ffa21864000 	C:\Windows\System32\gdi32full.dll
0x00007ffa21ba0000 - 0x00007ffa21c3e000 	C:\Windows\System32\msvcp_win.dll
0x00007ffa20e50000 - 0x00007ffa20f4a000 	C:\Windows\System32\ucrtbase.dll
0x00007ffa10410000 - 0x00007ffa10695000 	C:\Windows\WinSxS\amd64_microsoft.windows.common-controls_6595b64144ccf1df_6.0.18362.535_none_e6c3b34713100821\COMCTL32.dll
0x00007ffa23d80000 - 0x00007ffa23e1e000 	C:\Windows\System32\msvcrt.dll
0x00007ffa22620000 - 0x00007ffa22956000 	C:\Windows\System32\combase.dll
0x00007ffa22450000 - 0x00007ffa22570000 	C:\Windows\System32\RPCRT4.dll
0x00007ffa21d40000 - 0x00007ffa21dc0000 	C:\Windows\System32\bcryptPrimitives.dll
0x00007ffa22d10000 - 0x00007ffa22d3e000 	C:\Windows\System32\IMM32.DLL
0x00007ffa19080000 - 0x00007ffa19097000 	C:\Program Files\JetBrains\IntelliJ IDEA 2019.2.1\jbr\bin\vcruntime140.dll
0x00007ffa10370000 - 0x00007ffa1040d000 	C:\Program Files\JetBrains\IntelliJ IDEA 2019.2.1\jbr\bin\msvcp140.dll
0x00007ff9ee330000 - 0x00007ff9eede7000 	C:\Program Files\JetBrains\IntelliJ IDEA 2019.2.1\jbr\bin\server\jvm.dll
0x00007ffa23c20000 - 0x00007ffa23cc3000 	C:\Windows\System32\ADVAPI32.dll
0x00007ffa22580000 - 0x00007ffa22617000 	C:\Windows\System32\sechost.dll
0x00007ffa22370000 - 0x00007ffa22378000 	C:\Windows\System32\PSAPI.DLL
0x00007ffa1ef20000 - 0x00007ffa1ef29000 	C:\Windows\SYSTEM32\WSOCK32.dll
0x00007ffa221c0000 - 0x00007ffa2222f000 	C:\Windows\System32\WS2_32.dll
0x00007ffa1ed50000 - 0x00007ffa1ed74000 	C:\Windows\SYSTEM32\WINMM.dll
0x00007ffa1ec40000 - 0x00007ffa1ec6d000 	C:\Windows\SYSTEM32\WINMMBASE.dll
0x00007ffa21cf0000 - 0x00007ffa21d3a000 	C:\Windows\System32\cfgmgr32.dll
0x00007ffa11d80000 - 0x00007ffa11d8a000 	C:\Windows\SYSTEM32\VERSION.dll
0x00007ffa20d90000 - 0x00007ffa20da1000 	C:\Windows\System32\kernel.appcore.dll
0x00007ffa18fc0000 - 0x00007ffa18fd1000 	C:\Program Files\JetBrains\IntelliJ IDEA 2019.2.1\jbr\bin\verify.dll
0x00007ffa0ec20000 - 0x00007ffa0ee14000 	C:\Windows\SYSTEM32\DBGHELP.DLL
0x00007ffa0ebf0000 - 0x00007ffa0ec1a000 	C:\Windows\SYSTEM32\dbgcore.DLL
0x00007ffa18c90000 - 0x00007ffa18cb9000 	C:\Program Files\JetBrains\IntelliJ IDEA 2019.2.1\jbr\bin\java.dll
0x00007ffa0a060000 - 0x00007ffa0a094000 	C:\Program Files\JetBrains\IntelliJ IDEA 2019.2.1\jbr\bin\instrument.dll
0x00007ffa16070000 - 0x00007ffa16087000 	C:\Program Files\JetBrains\IntelliJ IDEA 2019.2.1\jbr\bin\zip.dll
0x00007ffa1ef00000 - 0x00007ffa1ef0b000 	C:\Program Files\JetBrains\IntelliJ IDEA 2019.2.1\jbr\bin\jimage.dll
0x00007ffa23530000 - 0x00007ffa23c15000 	C:\Windows\System32\SHELL32.dll
0x00007ffa23cd0000 - 0x00007ffa23d79000 	C:\Windows\System32\shcore.dll
0x00007ffa20f50000 - 0x00007ffa216cf000 	C:\Windows\System32\windows.storage.dll
0x00007ffa20db0000 - 0x00007ffa20dcf000 	C:\Windows\System32\profapi.dll
0x00007ffa20d40000 - 0x00007ffa20d8a000 	C:\Windows\System32\powrprof.dll
0x00007ffa20d30000 - 0x00007ffa20d40000 	C:\Windows\System32\UMPDC.dll
0x00007ffa22960000 - 0x00007ffa229b2000 	C:\Windows\System32\shlwapi.dll
0x00007ffa218d0000 - 0x00007ffa218e7000 	C:\Windows\System32\cryptsp.dll
0x00007ffa16030000 - 0x00007ffa1604a000 	C:\Program Files\JetBrains\IntelliJ IDEA 2019.2.1\jbr\bin\net.dll
0x00007ffa16910000 - 0x00007ffa16ae6000 	C:\Windows\SYSTEM32\urlmon.dll
0x00007ffa17ca0000 - 0x00007ffa17d90000 	C:\Windows\SYSTEM32\WINHTTP.dll
0x00007ffa16660000 - 0x00007ffa16906000 	C:\Windows\SYSTEM32\iertutil.dll
0x00007ffa206e0000 - 0x00007ffa206ec000 	C:\Windows\SYSTEM32\CRYPTBASE.DLL
0x00007ffa20510000 - 0x00007ffa20577000 	C:\Windows\system32\mswsock.dll
0x00007ffa15880000 - 0x00007ffa15894000 	C:\Program Files\JetBrains\IntelliJ IDEA 2019.2.1\jbr\bin\nio.dll
0x00007ffa0a5f0000 - 0x00007ffa0a60a000 	C:\Program Files\JetBrains\IntelliJ IDEA 2019.2.1\bin\breakgen64.dll
0x00007ffa1eec0000 - 0x00007ffa1eeca000 	C:\Program Files\JetBrains\IntelliJ IDEA 2019.2.1\jbr\bin\management.dll
0x00007ffa1b6e0000 - 0x00007ffa1b6ec000 	C:\Program Files\JetBrains\IntelliJ IDEA 2019.2.1\jbr\bin\management_ext.dll
0x00007ffa1b200000 - 0x00007ffa1b216000 	C:\Windows\system32\napinsp.dll
0x00007ffa19130000 - 0x00007ffa1914a000 	C:\Windows\system32\pnrpnsp.dll
0x00007ffa20260000 - 0x00007ffa2032a000 	C:\Windows\SYSTEM32\DNSAPI.dll
0x00007ffa23520000 - 0x00007ffa23528000 	C:\Windows\System32\NSI.dll
0x00007ffa20220000 - 0x00007ffa2025a000 	C:\Windows\SYSTEM32\IPHLPAPI.DLL
0x00007ffa1ef50000 - 0x00007ffa1ef5e000 	C:\Windows\System32\winrnr.dll
0x00007ffa1d3f0000 - 0x00007ffa1d40c000 	C:\Windows\system32\NLAapi.dll
0x00007ffa1c1f0000 - 0x00007ffa1c205000 	C:\Windows\system32\wshbth.dll
0x00007ffa15920000 - 0x00007ffa1592a000 	C:\Windows\System32\rasadhlp.dll
0x00007ffa17940000 - 0x00007ffa179b7000 	C:\Windows\System32\fwpuclnt.dll
0x00007ffa20df0000 - 0x00007ffa20e16000 	C:\Windows\System32\bcrypt.dll
0x00007ffa143e0000 - 0x00007ffa14408000 	C:\Program Files\JetBrains\IntelliJ IDEA 2019.2.1\jbr\bin\sunec.dll
0x00007ffa20080000 - 0x00007ffa200b3000 	C:\Windows\system32\rsaenh.dll
0x00007ffa20c50000 - 0x00007ffa20c75000 	C:\Windows\SYSTEM32\USERENV.dll
0x00007ffa17a20000 - 0x00007ffa17a36000 	C:\Windows\SYSTEM32\dhcpcsvc6.DLL
0x00007ffa17db0000 - 0x00007ffa17dcc000 	C:\Windows\SYSTEM32\dhcpcsvc.DLL

dbghelp: loaded successfully - version: 4.0.5 - missing functions: none
symbol engine: initialized successfully - sym options: 0x614 - pdb path: .;C:\Program Files\JetBrains\IntelliJ IDEA 2019.2.1\jbr\bin;C:\Windows\SYSTEM32;C:\Windows\WinSxS\amd64_microsoft.windows.common-controls_6595b64144ccf1df_6.0.18362.535_none_e6c3b34713100821;C:\Program Files\JetBrains\IntelliJ IDEA 2019.2.1\jbr\bin\server;C:\Program Files\JetBrains\IntelliJ IDEA 2019.2.1\bin

VM Arguments:
jvm_args: -javaagent:C:\Program Files\JetBrains\IntelliJ IDEA 2019.2.1\lib\idea_rt.jar=62687:C:\Program Files\JetBrains\IntelliJ IDEA 2019.2.1\bin -Dfile.encoding=UTF-8 
java_command: util.GraphBaseUtils
java_class_path (initial): C:\Users\27124\IdeaProjects\graphknowledge_xy\target\classes;C:\Users\27124\.m2\repository\org\neo4j\neo4j-jdbc-driver\3.4.0\neo4j-jdbc-driver-3.4.0.jar;C:\Users\27124\.m2\repository\com\alibaba\fastjson\1.2.56\fastjson-1.2.56.jar;C:\Users\27124\.m2\repository\commons-io\commons-io\2.6\commons-io-2.6.jar;C:\Users\27124\.m2\repository\commons-net\commons-net\3.6\commons-net-3.6.jar;C:\Users\27124\.m2\repository\org\neo4j\neo4j\3.5.0\neo4j-3.5.0.jar;C:\Users\27124\.m2\repository\org\neo4j\neo4j-kernel\3.5.0\neo4j-kernel-3.5.0.jar;C:\Users\27124\.m2\repository\org\neo4j\neo4j-graphdb-api\3.5.0\neo4j-graphdb-api-3.5.0.jar;C:\Users\27124\.m2\repository\org\neo4j\neo4j-resource\3.5.0\neo4j-resource-3.5.0.jar;C:\Users\27124\.m2\repository\org\neo4j\neo4j-procedure-api\3.5.0\neo4j-procedure-api-3.5.0.jar;C:\Users\27124\.m2\repository\org\neo4j\neo4j-kernel-api\3.5.0\neo4j-kernel-api-3.5.0.jar;C:\Users\27124\.m2\repository\org\neo4j\neo4j-diagnostics\3.5.0\neo4j-diagnostics-3.5.0.jar;C:\Users\27124\.m2\repository\org\neo4j\neo4j-common\3.5.0\neo4j-common-3.5.0.jar;C:\Users\27124\.m2\repository\org\neo4j\neo4j-values\3.5.0\neo4j-values-3.5.0.jar;C:\Users\27124\.m2\repository\org\neo4j\neo4j-collections\3.5.0\neo4j-collections-3.5.0.jar;C:\Users\27124\.m2\repository\org\neo4j\neo4j-unsafe\3.5.0\neo4j-unsafe-3.5.0.jar;C:\Users\27124\.m2\repository\org\neo4j\neo4j-io\3.5.0\neo4j-io-3.5.0.jar;C:\Users\27124\.m2\repository\org\neo4j\neo4j-concurrent\3.5.0\neo4j-concurrent-3.5.0.jar;C:\Users\27124\.m2\repository\org\neo4j\neo4j-csv\3.5.0\neo4j-csv-3.5.0.jar;C:\Users\27124\.m2\repository\org\neo4j\neo4j-logging\3.5.0\neo4j-logging-3.5.0.jar;C:\Users\27124\.m2\repository\org\neo4j\neo4j-lucene-upgrade\3.5.0\neo4j-lucene-upgrade-3.5.0.jar;C:\Users\27124\.m2\repository\org\apache\lucene\lucene-backward-codecs\5.5.0\lucene-backward-codecs-5.5.0.jar;C:\Users\27124\.m2\repository\org\neo4j\neo4j-configuration\3.5.0\neo4j-configuration-3.5.0.jar;C:\Users\27124\
Launcher Type: SUN_STANDARD

[Global flags]
     intx CICompilerCount                          = 3                                         {product} {ergonomic}
     uint ConcGCThreads                            = 1                                         {product} {ergonomic}
     uint G1ConcRefinementThreads                  = 4                                         {product} {ergonomic}
   size_t G1HeapRegionSize                         = 1048576                                   {product} {ergonomic}
    uintx GCDrainStackTargetSize                   = 64                                        {product} {ergonomic}
   size_t InitialHeapSize                          = 65011712                                  {product} {ergonomic}
   size_t MarkStackSize                            = 4194304                                   {product} {ergonomic}
   size_t MaxHeapSize                              = 1021313024                                {product} {ergonomic}
   size_t MaxNewSize                               = 612368384                                 {product} {ergonomic}
   size_t MinHeapDeltaBytes                        = 1048576                                   {product} {ergonomic}
    uintx NonNMethodCodeHeapSize                   = 5830092                                {pd product} {ergonomic}
    uintx NonProfiledCodeHeapSize                  = 122914074                              {pd product} {ergonomic}
    uintx ProfiledCodeHeapSize                     = 122914074                              {pd product} {ergonomic}
    uintx ReservedCodeCacheSize                    = 251658240                              {pd product} {ergonomic}
     bool SegmentedCodeCache                       = true                                      {product} {ergonomic}
     bool UseCompressedClassPointers               = true                                 {lp64_product} {ergonomic}
     bool UseCompressedOops                        = true                                 {lp64_product} {ergonomic}
     bool UseG1GC                                  = true                                      {product} {ergonomic}
     bool UseLargePagesIndividualAllocation        = false                                  {pd product} {ergonomic}

Logging:
Log output configuration:
 #0: stdout all=warning uptime,level,tags
 #1: stderr all=off uptime,level,tags

Environment Variables:
JAVA_HOME=C:\Program Files\Java\jdk1.8.0_221
PATH=C:\Program Files (x86)\Common Files\Oracle\Java\javapath;C:\Windows\system32;C:\Windows;C:\Windows\System32\Wbem;C:\Windows\System32\WindowsPowerShell\v1.0\;C:\Windows\System32\OpenSSH\;C:\Go\bin;%NEO4J_HOME%\bin;%JAVA_HOME%\bin;C:\Users\27124\AppData\Local\Programs\Python\Python36\Scripts\;C:\Users\27124\AppData\Local\Programs\Python\Python36\;C:\Users\27124\AppData\Local\Programs\Python\Python37\Scripts\;C:\Users\27124\AppData\Local\Programs\Python\Python37\;C:\Users\27124\AppData\Local\Microsoft\WindowsApps;C:\Program Files\JetBrains\IntelliJ IDEA 2019.2.1\bin;;C:\Program Files\JetBrains\PyCharm Community Edition 2019.2.3\bin;;C:\Users\27124\go\bin;C:\neo4j-community-3.5.0\bin;C:\Program Files\Java\jdk1.8.0_221\bin;
USERNAME=27124
OS=Windows_NT
PROCESSOR_IDENTIFIER=Intel64 Family 6 Model 58 Stepping 9, GenuineIntel



---------------  S Y S T E M  ---------------

OS: Windows 10 , 64 bit Build 18362 (10.0.18362.329)

CPU:total 4 (initial active 4) (2 cores per cpu, 2 threads per core) family 6 model 58 stepping 9, cmov, cx8, fxsr, mmx, sse, sse2, sse3, ssse3, sse4.1, sse4.2, popcnt, avx, aes, clmul, erms, ht, tsc, tscinvbit, tscinv

Memory: 4k page, system-wide physical 3891M (223M free)
TotalPageFile size 15667M (AvailPageFile size 3M)
current process WorkingSet (physical memory assigned to process): 144M, peak: 144M
current process commit charge ("private bytes"): 183M, peak: 184M

vm_info: OpenJDK 64-Bit Server VM (11.0.3+12-b304.39) for windows-amd64 JRE (11.0.3+12-b304.39), built on Aug 14 2019 11:03:43 by "" with MS VC++ 14.0 (VS2015)

END.
